#
# There is insufficient memory for the Java Runtime Environment to continue.
# Native memory allocation (mmap) failed to map 18874368 bytes for committing reserved memory.
# Possible reasons:
#   The system is out of physical RAM or swap space
#   In 32 bit mode, the process size limit was hit
# Possible solutions:
#   Reduce memory load on the system
#   Increase physical memory or swap space
#   Check if swap backing store is full
#   Use 64 bit Java on a 64 bit OS
#   Decrease Java heap size (-Xmx/-Xms)
#   Decrease number of Java threads
#   Decrease Java thread stack sizes (-Xss)
#   Set larger code cache with -XX:ReservedCodeCacheSize=
# This output file may be truncated or incomplete.
#
#  Out of Memory Error (os_linux.cpp:2627), pid=729, tid=140199452370688
#
# JRE version: Java(TM) SE Runtime Environment (8.0_60-b27) (build 1.8.0_60-b27)
# Java VM: Java HotSpot(TM) 64-Bit Server VM (25.60-b23 mixed mode linux-amd64 compressed oops)
# Failed to write core dump. Core dumps have been disabled. To enable core dumping, try "ulimit -c unlimited" before starting Java again
#

---------------  T H R E A D  ---------------

Current thread (0x00007f82cc07a800):  VMThread [stack: 0x00007f82ba7e6000,0x00007f82ba8e7000] [id=741]

Stack: [0x00007f82ba7e6000,0x00007f82ba8e7000],  sp=0x00007f82ba8e5140,  free space=1020k
Native frames: (J=compiled Java code, j=interpreted, Vv=VM code, C=native code)
V  [libjvm.so+0xab97ea]  VMError::report_and_die()+0x2ba
V  [libjvm.so+0x4f9dab]  report_vm_out_of_memory(char const*, int, unsigned long, VMErrorType, char const*)+0x8b
V  [libjvm.so+0x91a7c3]  os::Linux::commit_memory_impl(char*, unsigned long, bool)+0x103
V  [libjvm.so+0x91ad19]  os::pd_commit_memory(char*, unsigned long, unsigned long, bool)+0x29
V  [libjvm.so+0x91502a]  os::commit_memory(char*, unsigned long, unsigned long, bool)+0x2a
V  [libjvm.so+0x9886d3]  PSVirtualSpace::expand_by(unsigned long)+0x53
V  [libjvm.so+0x989ad8]  PSYoungGen::resize_generation(unsigned long, unsigned long)+0xf8
V  [libjvm.so+0x988c32]  PSYoungGen::resize(unsigned long, unsigned long)+0x22
V  [libjvm.so+0x985f0b]  PSScavenge::invoke_no_policy()+0xf3b
V  [libjvm.so+0x9811b5]  PSParallelCompact::invoke(bool)+0x85
V  [libjvm.so+0x480f94]  CollectedHeap::collect_as_vm_thread(GCCause::Cause)+0x114
V  [libjvm.so+0xabac61]  VM_CollectForMetadataAllocation::doit()+0x161
V  [libjvm.so+0xac2c35]  VM_Operation::evaluate()+0x55
V  [libjvm.so+0xac100a]  VMThread::evaluate_operation(VM_Operation*)+0xba
V  [libjvm.so+0xac138e]  VMThread::loop()+0x1ce
V  [libjvm.so+0xac1800]  VMThread::run()+0x70
V  [libjvm.so+0x91cb88]  java_start(Thread*)+0x108

VM_Operation (0x00007f82d4606900): CollectForMetadataAllocation, mode: safepoint, requested by thread 0x00007f82cc010800


---------------  P R O C E S S  ---------------

Java Threads: ( => current thread )
  0x00007f827c010000 JavaThread "sparkDriver-akka.actor.default-dispatcher-6" daemon [_thread_blocked, id=772, stack(0x00007f828b7fa000,0x00007f828b8fb000)]
  0x00007f82ccd32800 JavaThread "sparkDriver-akka.actor.default-dispatcher-5" daemon [_thread_blocked, id=771, stack(0x00007f828b8fb000,0x00007f828b9fc000)]
  0x00007f82ccd2f000 JavaThread "sparkDriver-akka.actor.default-dispatcher-4" daemon [_thread_blocked, id=769, stack(0x00007f828b9fc000,0x00007f828bafd000)]
  0x00007f82ccd2c800 JavaThread "sparkDriver-akka.actor.default-dispatcher-3" daemon [_thread_blocked, id=768, stack(0x00007f828bafd000,0x00007f828bbfe000)]
  0x00007f82ccd1f800 JavaThread "sparkDriver-akka.actor.default-dispatcher-2" daemon [_thread_blocked, id=767, stack(0x00007f828bbfe000,0x00007f828bcff000)]
  0x00007f82ccc75000 JavaThread "sparkDriver-scheduler-1" daemon [_thread_blocked, id=766, stack(0x00007f828beff000,0x00007f828c000000)]
  0x00007f82cc7f8800 JavaThread "Monitor Ctrl-Break" daemon [_thread_in_native, id=755, stack(0x00007f82b9302000,0x00007f82b9403000)]
  0x00007f82cc0c3000 JavaThread "Service Thread" daemon [_thread_blocked, id=750, stack(0x00007f82b9f17000,0x00007f82ba018000)]
  0x00007f82cc0be000 JavaThread "C1 CompilerThread1" daemon [_thread_blocked, id=749, stack(0x00007f82ba018000,0x00007f82ba119000)]
  0x00007f82cc0bb800 JavaThread "C2 CompilerThread0" daemon [_thread_blocked, id=748, stack(0x00007f82ba119000,0x00007f82ba21a000)]
  0x00007f82cc0b9800 JavaThread "Signal Dispatcher" daemon [_thread_blocked, id=747, stack(0x00007f82ba21a000,0x00007f82ba31b000)]
  0x00007f82cc081800 JavaThread "Finalizer" daemon [_thread_blocked, id=743, stack(0x00007f82ba5e4000,0x00007f82ba6e5000)]
  0x00007f82cc07f800 JavaThread "Reference Handler" daemon [_thread_blocked, id=742, stack(0x00007f82ba6e5000,0x00007f82ba7e6000)]
  0x00007f82cc010800 JavaThread "main" [_thread_blocked, id=732, stack(0x00007f82d450e000,0x00007f82d460f000)]

Other Threads:
=>0x00007f82cc07a800 VMThread [stack: 0x00007f82ba7e6000,0x00007f82ba8e7000] [id=741]
  0x00007f82cc0c6000 WatcherThread [stack: 0x00007f82b9e16000,0x00007f82b9f17000] [id=752]

VM state:at safepoint (normal execution)

VM Mutex/Monitor currently owned by a thread:  ([mutex/lock_event])
[0x00007f82cc00cc10] Threads_lock - owner thread: 0x00007f82cc07a800
[0x00007f82cc00d110] Heap_lock - owner thread: 0x00007f82cc010800

Heap:
 PSYoungGen      total 34304K, used 1793K [0x00000000eb600000, 0x00000000edd00000, 0x0000000100000000)
  eden space 28672K, 0% used [0x00000000eb600000,0x00000000eb600000,0x00000000ed200000)
  from space 5632K, 31% used [0x00000000ed200000,0x00000000ed3c0500,0x00000000ed780000)
  to   space 5120K, 0% used [0x00000000ed800000,0x00000000ed800000,0x00000000edd00000)
 ParOldGen       total 42496K, used 8035K [0x00000000c2200000, 0x00000000c4b80000, 0x00000000eb600000)
  object space 42496K, 18% used [0x00000000c2200000,0x00000000c29d8df0,0x00000000c4b80000)
 Metaspace       used 20943K, capacity 21152K, committed 21296K, reserved 1067008K
  class space    used 3039K, capacity 3142K, committed 3200K, reserved 1048576K

Card table byte_map: [0x00007f82d10e2000,0x00007f82d12d2000] byte_map_base: 0x00007f82d0ad1000

Marking Bits: (ParMarkBitMap*) 0x00007f82d39e0de0
 Begin Bits: [0x00007f82bb110000, 0x00007f82bc088000)
 End Bits:   [0x00007f82bc088000, 0x00007f82bd000000)

Polling page: 0x00007f82d4628000

CodeCache: size=245760Kb used=5206Kb max_used=5225Kb free=240553Kb
 bounds [0x00007f82bd000000, 0x00007f82bd520000, 0x00007f82cc000000]
 total_blobs=1990 nmethods=1605 adapters=298
 compilation: enabled

Compilation events (10 events):
Event: 12.191 Thread 0x00007f82cc0be000 nmethod 1613 0x00007f82bd51c3d0 code [0x00007f82bd51c520, 0x00007f82bd51c670]
Event: 12.191 Thread 0x00007f82cc0be000 1614       3       akka.dispatch.AbstractNodeQueue::pollNode (66 bytes)
Event: 12.195 Thread 0x00007f82cc0be000 nmethod 1614 0x00007f82bd51ba50 code [0x00007f82bd51bbe0, 0x00007f82bd51c210]
Event: 12.195 Thread 0x00007f82cc0be000 1615       3       akka.dispatch.AbstractNodeQueue$Node::next (14 bytes)
Event: 12.195 Thread 0x00007f82cc0be000 nmethod 1615 0x00007f82bd51b5d0 code [0x00007f82bd51b740, 0x00007f82bd51b990]
Event: 12.210 Thread 0x00007f82cc0bb800 nmethod 1612 0x00007f82bd519990 code [0x00007f82bd519ae0, 0x00007f82bd519df8]
Event: 12.326 Thread 0x00007f82cc0be000 1616       3       scala.collection.mutable.WrappedArray$ofRef::length (6 bytes)
Event: 12.341 Thread 0x00007f82cc0be000 nmethod 1616 0x00007f82bd51b1d0 code [0x00007f82bd51b340, 0x00007f82bd51b530]
Event: 12.342 Thread 0x00007f82cc0be000 1617       1       scala.collection.Iterator$$anon$10::remaining (5 bytes)
Event: 12.342 Thread 0x00007f82cc0be000 nmethod 1617 0x00007f82bd10f290 code [0x00007f82bd10f3e0, 0x00007f82bd10f4f0]

GC Heap History (10 events):
Event: 5.094 GC heap after
Heap after GC invocations=4 (full 0):
 PSYoungGen      total 18432K, used 2549K [0x00000000eb600000, 0x00000000eca80000, 0x0000000100000000)
  eden space 15872K, 0% used [0x00000000eb600000,0x00000000eb600000,0x00000000ec580000)
  from space 2560K, 99% used [0x00000000ec800000,0x00000000eca7d658,0x00000000eca80000)
  to   space 2560K, 0% used [0x00000000ec580000,0x00000000ec580000,0x00000000ec800000)
 ParOldGen       total 42496K, used 1272K [0x00000000c2200000, 0x00000000c4b80000, 0x00000000eb600000)
  object space 42496K, 2% used [0x00000000c2200000,0x00000000c233e388,0x00000000c4b80000)
 Metaspace       used 12210K, capacity 12332K, committed 12672K, reserved 1060864K
  class space    used 1768K, capacity 1808K, committed 1920K, reserved 1048576K
}
Event: 6.426 GC heap before
{Heap before GC invocations=5 (full 0):
 PSYoungGen      total 18432K, used 18421K [0x00000000eb600000, 0x00000000eca80000, 0x0000000100000000)
  eden space 15872K, 100% used [0x00000000eb600000,0x00000000ec580000,0x00000000ec580000)
  from space 2560K, 99% used [0x00000000ec800000,0x00000000eca7d658,0x00000000eca80000)
  to   space 2560K, 0% used [0x00000000ec580000,0x00000000ec580000,0x00000000ec800000)
 ParOldGen       total 42496K, used 1272K [0x00000000c2200000, 0x00000000c4b80000, 0x00000000eb600000)
  object space 42496K, 2% used [0x00000000c2200000,0x00000000c233e388,0x00000000c4b80000)
 Metaspace       used 13665K, capacity 13772K, committed 13824K, reserved 1060864K
  class space    used 1990K, capacity 2032K, committed 2048K, reserved 1048576K
Event: 6.436 GC heap after
Heap after GC invocations=5 (full 0):
 PSYoungGen      total 18432K, used 2533K [0x00000000eb600000, 0x00000000ecd80000, 0x0000000100000000)
  eden space 15872K, 0% used [0x00000000eb600000,0x00000000eb600000,0x00000000ec580000)
  from space 2560K, 98% used [0x00000000ec580000,0x00000000ec7f9518,0x00000000ec800000)
  to   space 4096K, 0% used [0x00000000ec980000,0x00000000ec980000,0x00000000ecd80000)
 ParOldGen       total 42496K, used 2333K [0x00000000c2200000, 0x00000000c4b80000, 0x00000000eb600000)
  object space 42496K, 5% used [0x00000000c2200000,0x00000000c2447408,0x00000000c4b80000)
 Metaspace       used 13665K, capacity 13772K, committed 13824K, reserved 1060864K
  class space    used 1990K, capacity 2032K, committed 2048K, reserved 1048576K
}
Event: 8.662 GC heap before
{Heap before GC invocations=6 (full 0):
 PSYoungGen      total 18432K, used 18405K [0x00000000eb600000, 0x00000000ecd80000, 0x0000000100000000)
  eden space 15872K, 100% used [0x00000000eb600000,0x00000000ec580000,0x00000000ec580000)
  from space 2560K, 98% used [0x00000000ec580000,0x00000000ec7f9518,0x00000000ec800000)
  to   space 4096K, 0% used [0x00000000ec980000,0x00000000ec980000,0x00000000ecd80000)
 ParOldGen       total 42496K, used 2333K [0x00000000c2200000, 0x00000000c4b80000, 0x00000000eb600000)
  object space 42496K, 5% used [0x00000000c2200000,0x00000000c2447408,0x00000000c4b80000)
 Metaspace       used 17014K, capacity 17216K, committed 17408K, reserved 1064960K
  class space    used 2402K, capacity 2470K, committed 2560K, reserved 1048576K
Event: 8.694 GC heap after
Heap after GC invocations=6 (full 0):
 PSYoungGen      total 18432K, used 4069K [0x00000000eb600000, 0x00000000ed080000, 0x0000000100000000)
  eden space 14336K, 0% used [0x00000000eb600000,0x00000000eb600000,0x00000000ec400000)
  from space 4096K, 99% used [0x00000000ec980000,0x00000000ecd79538,0x00000000ecd80000)
  to   space 5632K, 0% used [0x00000000ec400000,0x00000000ec400000,0x00000000ec980000)
 ParOldGen       total 42496K, used 3958K [0x00000000c2200000, 0x00000000c4b80000, 0x00000000eb600000)
  object space 42496K, 9% used [0x00000000c2200000,0x00000000c25dd838,0x00000000c4b80000)
 Metaspace       used 17014K, capacity 17216K, committed 17408K, reserved 1064960K
  class space    used 2402K, capacity 2470K, committed 2560K, reserved 1048576K
}
Event: 9.679 GC heap before
{Heap before GC invocations=7 (full 0):
 PSYoungGen      total 18432K, used 18405K [0x00000000eb600000, 0x00000000ed080000, 0x0000000100000000)
  eden space 14336K, 100% used [0x00000000eb600000,0x00000000ec400000,0x00000000ec400000)
  from space 4096K, 99% used [0x00000000ec980000,0x00000000ecd79538,0x00000000ecd80000)
  to   space 5632K, 0% used [0x00000000ec400000,0x00000000ec400000,0x00000000ec980000)
 ParOldGen       total 42496K, used 3958K [0x00000000c2200000, 0x00000000c4b80000, 0x00000000eb600000)
  object space 42496K, 9% used [0x00000000c2200000,0x00000000c25dd838,0x00000000c4b80000)
 Metaspace       used 18395K, capacity 18656K, committed 18944K, reserved 1064960K
  class space    used 2589K, capacity 2694K, committed 2816K, reserved 1048576K
Event: 9.819 GC heap after
Heap after GC invocations=7 (full 0):
 PSYoungGen      total 19968K, used 4660K [0x00000000eb600000, 0x00000000ede00000, 0x0000000100000000)
  eden space 14336K, 0% used [0x00000000eb600000,0x00000000eb600000,0x00000000ec400000)
  from space 5632K, 82% used [0x00000000ec400000,0x00000000ec88d328,0x00000000ec980000)
  to   space 6144K, 0% used [0x00000000ed800000,0x00000000ed800000,0x00000000ede00000)
 ParOldGen       total 42496K, used 4939K [0x00000000c2200000, 0x00000000c4b80000, 0x00000000eb600000)
  object space 42496K, 11% used [0x00000000c2200000,0x00000000c26d2d98,0x00000000c4b80000)
 Metaspace       used 18395K, capacity 18656K, committed 18944K, reserved 1064960K
  class space    used 2589K, capacity 2694K, committed 2816K, reserved 1048576K
}
Event: 10.726 GC heap before
{Heap before GC invocations=8 (full 0):
 PSYoungGen      total 19968K, used 18996K [0x00000000eb600000, 0x00000000ede00000, 0x0000000100000000)
  eden space 14336K, 100% used [0x00000000eb600000,0x00000000ec400000,0x00000000ec400000)
  from space 5632K, 82% used [0x00000000ec400000,0x00000000ec88d328,0x00000000ec980000)
  to   space 6144K, 0% used [0x00000000ed800000,0x00000000ed800000,0x00000000ede00000)
 ParOldGen       total 42496K, used 4939K [0x00000000c2200000, 0x00000000c4b80000, 0x00000000eb600000)
  object space 42496K, 11% used [0x00000000c2200000,0x00000000c26d2d98,0x00000000c4b80000)
 Metaspace       used 19815K, capacity 20064K, committed 20224K, reserved 1067008K
  class space    used 2845K, capacity 2950K, committed 3072K, reserved 1048576K
Event: 10.776 GC heap after
Heap after GC invocations=8 (full 0):
 PSYoungGen      total 33792K, used 3977K [0x00000000eb600000, 0x00000000edd00000, 0x0000000100000000)
  eden space 28672K, 0% used [0x00000000eb600000,0x00000000eb600000,0x00000000ed200000)
  from space 5120K, 77% used [0x00000000ed800000,0x00000000edbe25b0,0x00000000edd00000)
  to   space 5632K, 0% used [0x00000000ed200000,0x00000000ed200000,0x00000000ed780000)
 ParOldGen       total 42496K, used 5883K [0x00000000c2200000, 0x00000000c4b80000, 0x00000000eb600000)
  object space 42496K, 13% used [0x00000000c2200000,0x00000000c27beda8,0x00000000c4b80000)
 Metaspace       used 19815K, capacity 20064K, committed 20224K, reserved 1067008K
  class space    used 2845K, capacity 2950K, committed 3072K, reserved 1048576K
}
Event: 12.601 GC heap before
{Heap before GC invocations=9 (full 0):
 PSYoungGen      total 33792K, used 17138K [0x00000000eb600000, 0x00000000edd00000, 0x0000000100000000)
  eden space 28672K, 45% used [0x00000000eb600000,0x00000000ec2da508,0x00000000ed200000)
  from space 5120K, 77% used [0x00000000ed800000,0x00000000edbe25b0,0x00000000edd00000)
  to   space 5632K, 0% used [0x00000000ed200000,0x00000000ed200000,0x00000000ed780000)
 ParOldGen       total 42496K, used 5883K [0x00000000c2200000, 0x00000000c4b80000, 0x00000000eb600000)
  object space 42496K, 13% used [0x00000000c2200000,0x00000000c27beda8,0x00000000c4b80000)
 Metaspace       used 20943K, capacity 21152K, committed 21296K, reserved 1067008K
  class space    used 3039K, capacity 3142K, committed 3200K, reserved 1048576K

Deoptimization events (10 events):
Event: 6.017 Thread 0x00007f82cc010800 Uncommon trap: reason=unstable_if action=reinterpret pc=0x00007f82bd348620 method=org.apache.xerces.dom.DeferredDocumentImpl.clearChunkValue([[Ljava/lang/Object;II)Ljava/lang/String; @ 59
Event: 6.571 Thread 0x00007f82cc010800 Uncommon trap: reason=unstable_if action=reinterpret pc=0x00007f82bd25144c method=sun.misc.MetaIndex.mayContain(Ljava/lang/String;)Z @ 38
Event: 7.295 Thread 0x00007f82cc010800 Uncommon trap: reason=bimorphic action=maybe_recompile pc=0x00007f82bd3906b8 method=java.util.HashMap.putVal(ILjava/lang/Object;Ljava/lang/Object;ZZ)Ljava/lang/Object; @ 203
Event: 7.352 Thread 0x00007f82cc010800 Uncommon trap: reason=unstable_if action=reinterpret pc=0x00007f82bd3994dc method=java.lang.CharacterDataLatin1.digit(II)I @ 82
Event: 7.712 Thread 0x00007f82cc010800 Uncommon trap: reason=unstable_if action=reinterpret pc=0x00007f82bd2b2ad8 method=java.lang.String.regionMatches(ZILjava/lang/String;II)Z @ 123
Event: 7.722 Thread 0x00007f82cc010800 Uncommon trap: reason=unstable_if action=reinterpret pc=0x00007f82bd3f6990 method=java.io.ByteArrayInputStream.read()I @ 8
Event: 7.980 Thread 0x00007f82cc010800 Uncommon trap: reason=class_check action=maybe_recompile pc=0x00007f82bd2a9fd4 method=java.util.jar.JarFile.getJarEntry(Ljava/lang/String;)Ljava/util/jar/JarEntry; @ 2
Event: 7.989 Thread 0x00007f82cc010800 Uncommon trap: reason=class_check action=maybe_recompile pc=0x00007f82bd2a9fd4 method=java.util.jar.JarFile.getJarEntry(Ljava/lang/String;)Ljava/util/jar/JarEntry; @ 2
Event: 7.996 Thread 0x00007f82cc010800 Uncommon trap: reason=class_check action=maybe_recompile pc=0x00007f82bd2a9fd4 method=java.util.jar.JarFile.getJarEntry(Ljava/lang/String;)Ljava/util/jar/JarEntry; @ 2
Event: 7.996 Thread 0x00007f82cc010800 Uncommon trap: reason=class_check action=maybe_recompile pc=0x00007f82bd2a9fd4 method=java.util.jar.JarFile.getJarEntry(Ljava/lang/String;)Ljava/util/jar/JarEntry; @ 2

Internal exceptions (10 events):
Event: 5.565 Thread 0x00007f82cc010800 Exception <a 'java/lang/reflect/InvocationTargetException'> (0x00000000ebf86ab0) thrown at [/HUDSON/workspace/8-2-build-linux-amd64/jdk8u60/4407/hotspot/src/share/vm/runtime/reflection.cpp, line 1092]
Event: 7.155 Thread 0x00007f82cc010800 Exception <a 'java/lang/NoSuchFieldError': method resolution failed> (0x00000000eb968d20) thrown at [/HUDSON/workspace/8-2-build-linux-amd64/jdk8u60/4407/hotspot/src/share/vm/prims/methodHandles.cpp, line 1146]
Event: 7.164 Thread 0x00007f82cc010800 Exception <a 'java/lang/NoSuchFieldError': method resolution failed> (0x00000000eb976428) thrown at [/HUDSON/workspace/8-2-build-linux-amd64/jdk8u60/4407/hotspot/src/share/vm/prims/methodHandles.cpp, line 1146]
Event: 8.536 Thread 0x00007f82cc010800 Implicit null exception at 0x00007f82bd37b378 to 0x00007f82bd37b56c
Event: 8.537 Thread 0x00007f82cc010800 Exception <a 'java/lang/NullPointerException'> (0x00000000ec446488) thrown at [/HUDSON/workspace/8-2-build-linux-amd64/jdk8u60/4407/hotspot/src/share/vm/runtime/sharedRuntime.cpp, line 605]
Event: 8.564 Thread 0x00007f82cc010800 Implicit null exception at 0x00007f82bd37b378 to 0x00007f82bd37b56c
Event: 8.564 Thread 0x00007f82cc010800 Exception <a 'java/lang/NullPointerException'> (0x00000000ec484240) thrown at [/HUDSON/workspace/8-2-build-linux-amd64/jdk8u60/4407/hotspot/src/share/vm/runtime/sharedRuntime.cpp, line 605]
Event: 11.498 Thread 0x00007f82cc010800 Exception <a 'java/lang/ArrayIndexOutOfBoundsException'> (0x00000000ebc16df0) thrown at [/HUDSON/workspace/8-2-build-linux-amd64/jdk8u60/4407/hotspot/src/share/vm/runtime/sharedRuntime.cpp, line 605]
Event: 11.500 Thread 0x00007f82cc010800 Exception <a 'java/lang/ArrayIndexOutOfBoundsException'> (0x00000000ebc17d98) thrown at [/HUDSON/workspace/8-2-build-linux-amd64/jdk8u60/4407/hotspot/src/share/vm/runtime/sharedRuntime.cpp, line 605]
Event: 12.062 Thread 0x00007f82cc010800 Exception <a 'java/lang/ArrayIndexOutOfBoundsException'> (0x00000000ebf66d60) thrown at [/HUDSON/workspace/8-2-build-linux-amd64/jdk8u60/4407/hotspot/src/share/vm/runtime/sharedRuntime.cpp, line 605]

Events (10 events):
Event: 12.581 loading class akka/pattern/package$ done
Event: 12.581 loading class akka/pattern/PipeToSupport
Event: 12.581 loading class akka/pattern/PipeToSupport done
Event: 12.584 loading class akka/pattern/AskSupport
Event: 12.584 loading class akka/pattern/AskSupport done
Event: 12.585 loading class akka/pattern/GracefulStopSupport
Event: 12.585 loading class akka/pattern/GracefulStopSupport done
Event: 12.587 loading class akka/pattern/FutureTimeoutSupport
Event: 12.587 loading class akka/pattern/FutureTimeoutSupport done
Event: 12.594 Executing VM operation: CollectForMetadataAllocation


Dynamic libraries:
00400000-00401000 r-xp 00000000 08:01 1059015                            /usr/lib/jvm/jdk1.8.0_60/bin/java
00600000-00601000 rw-p 00000000 08:01 1059015                            /usr/lib/jvm/jdk1.8.0_60/bin/java
0102b000-0104c000 rw-p 00000000 00:00 0                                  [heap]
c2200000-c4b80000 rw-p 00000000 00:00 0 
c4b80000-eb600000 ---p 00000000 00:00 0 
eb600000-edd00000 rw-p 00000000 00:00 0 
eef00000-100000000 ---p 00000000 00:00 0 
100000000-100320000 rw-p 00000000 00:00 0 
100320000-140000000 ---p 00000000 00:00 0 
7f827c000000-7f827c021000 rw-p 00000000 00:00 0 
7f827c021000-7f8280000000 ---p 00000000 00:00 0 
7f8280000000-7f8280021000 rw-p 00000000 00:00 0 
7f8280021000-7f8284000000 ---p 00000000 00:00 0 
7f8284000000-7f8284021000 rw-p 00000000 00:00 0 
7f8284021000-7f8288000000 ---p 00000000 00:00 0 
7f828b7fa000-7f828b7fd000 ---p 00000000 00:00 0 
7f828b7fd000-7f828b8fb000 rw-p 00000000 00:00 0                          [stack:772]
7f828b8fb000-7f828b8fe000 ---p 00000000 00:00 0 
7f828b8fe000-7f828b9fc000 rw-p 00000000 00:00 0                          [stack:771]
7f828b9fc000-7f828b9ff000 ---p 00000000 00:00 0 
7f828b9ff000-7f828bafd000 rw-p 00000000 00:00 0                          [stack:769]
7f828bafd000-7f828bb00000 ---p 00000000 00:00 0 
7f828bb00000-7f828bbfe000 rw-p 00000000 00:00 0                          [stack:768]
7f828bbfe000-7f828bc01000 ---p 00000000 00:00 0 
7f828bc01000-7f828beab000 rw-p 00000000 00:00 0                          [stack:767]
7f828beab000-7f828beff000 ---p 00000000 00:00 0 
7f828beff000-7f828bf02000 ---p 00000000 00:00 0 
7f828bf02000-7f828c000000 rw-p 00000000 00:00 0                          [stack:766]
7f828c000000-7f828c021000 rw-p 00000000 00:00 0 
7f828c021000-7f8290000000 ---p 00000000 00:00 0 
7f8290000000-7f8290038000 rw-p 00000000 00:00 0 
7f8290038000-7f8294000000 ---p 00000000 00:00 0 
7f8294000000-7f8294316000 rw-p 00000000 00:00 0 
7f8294316000-7f8298000000 ---p 00000000 00:00 0 
7f8298000000-7f8298021000 rw-p 00000000 00:00 0 
7f8298021000-7f829c000000 ---p 00000000 00:00 0 
7f829c000000-7f829c021000 rw-p 00000000 00:00 0 
7f829c021000-7f82a0000000 ---p 00000000 00:00 0 
7f82a0000000-7f82a02a5000 rw-p 00000000 00:00 0 
7f82a02a5000-7f82a4000000 ---p 00000000 00:00 0 
7f82a4000000-7f82a4021000 rw-p 00000000 00:00 0 
7f82a4021000-7f82a8000000 ---p 00000000 00:00 0 
7f82a8000000-7f82a8021000 rw-p 00000000 00:00 0 
7f82a8021000-7f82ac000000 ---p 00000000 00:00 0 
7f82ac000000-7f82ac021000 rw-p 00000000 00:00 0 
7f82ac021000-7f82b0000000 ---p 00000000 00:00 0 
7f82b0000000-7f82b028a000 rw-p 00000000 00:00 0 
7f82b028a000-7f82b4000000 ---p 00000000 00:00 0 
7f82b4000000-7f82b4021000 rw-p 00000000 00:00 0 
7f82b4021000-7f82b8000000 ---p 00000000 00:00 0 
7f82b8066000-7f82b8266000 rw-p 00000000 00:00 0 
7f82b8266000-7f82b827c000 r-xp 00000000 08:01 528777                     /lib/x86_64-linux-gnu/libgcc_s.so.1
7f82b827c000-7f82b847b000 ---p 00016000 08:01 528777                     /lib/x86_64-linux-gnu/libgcc_s.so.1
7f82b847b000-7f82b847c000 rw-p 00015000 08:01 528777                     /lib/x86_64-linux-gnu/libgcc_s.so.1
7f82b848b000-7f82b848c000 rw-p 00000000 00:00 0 
7f82b848c000-7f82b8492000 r--s 0003f000 08:01 1187536                    /usr/lib/jvm/jdk1.8.0_60/jre/lib/ext/sunjce_provider.jar
7f82b8492000-7f82b84c4000 r-xp 00000000 08:01 1059191                    /usr/lib/jvm/jdk1.8.0_60/jre/lib/amd64/libsunec.so
7f82b84c4000-7f82b86c3000 ---p 00032000 08:01 1059191                    /usr/lib/jvm/jdk1.8.0_60/jre/lib/amd64/libsunec.so
7f82b86c3000-7f82b86c9000 rw-p 00031000 08:01 1059191                    /usr/lib/jvm/jdk1.8.0_60/jre/lib/amd64/libsunec.so
7f82b86c9000-7f82b88d9000 rw-p 00000000 00:00 0 
7f82b88d9000-7f82b88da000 r--s 00009000 08:01 1187535                    /usr/lib/jvm/jdk1.8.0_60/jre/lib/ext/sunec.jar
7f82b88da000-7f82b88dd000 r--s 0001a000 08:01 1059270                    /usr/lib/jvm/jdk1.8.0_60/jre/lib/jce.jar
7f82b88dd000-7f82b88de000 r-xp 00000000 08:01 1059158                    /usr/lib/jvm/jdk1.8.0_60/jre/lib/amd64/libjaas_unix.so
7f82b88de000-7f82b8add000 ---p 00001000 08:01 1059158                    /usr/lib/jvm/jdk1.8.0_60/jre/lib/amd64/libjaas_unix.so
7f82b8add000-7f82b8ade000 rw-p 00000000 08:01 1059158                    /usr/lib/jvm/jdk1.8.0_60/jre/lib/amd64/libjaas_unix.so
7f82b8ade000-7f82b8cde000 rw-p 00000000 00:00 0 
7f82b8cde000-7f82b8ce6000 r-xp 00000000 08:01 1059178                    /usr/lib/jvm/jdk1.8.0_60/jre/lib/amd64/libmanagement.so
7f82b8ce6000-7f82b8ee6000 ---p 00008000 08:01 1059178                    /usr/lib/jvm/jdk1.8.0_60/jre/lib/amd64/libmanagement.so
7f82b8ee6000-7f82b8ee7000 rw-p 00008000 08:01 1059178                    /usr/lib/jvm/jdk1.8.0_60/jre/lib/amd64/libmanagement.so
7f82b8ee7000-7f82b8eeb000 r--s 00095000 08:01 1059277                    /usr/lib/jvm/jdk1.8.0_60/jre/lib/jsse.jar
7f82b8eeb000-7f82b90eb000 rw-p 00000000 00:00 0 
7f82b90eb000-7f82b9101000 r-xp 00000000 08:01 1059180                    /usr/lib/jvm/jdk1.8.0_60/jre/lib/amd64/libnet.so
7f82b9101000-7f82b9301000 ---p 00016000 08:01 1059180                    /usr/lib/jvm/jdk1.8.0_60/jre/lib/amd64/libnet.so
7f82b9301000-7f82b9302000 rw-p 00016000 08:01 1059180                    /usr/lib/jvm/jdk1.8.0_60/jre/lib/amd64/libnet.so
7f82b9302000-7f82b9305000 ---p 00000000 00:00 0 
7f82b9305000-7f82b9403000 rw-p 00000000 00:00 0                          [stack:755]
7f82b9403000-7f82b9404000 r-xp 00000000 08:01 2885737                    /opt/idea/bin/libbreakgen64.so
7f82b9404000-7f82b9603000 ---p 00001000 08:01 2885737                    /opt/idea/bin/libbreakgen64.so
7f82b9603000-7f82b9604000 r--p 00000000 08:01 2885737                    /opt/idea/bin/libbreakgen64.so
7f82b9604000-7f82b9605000 rw-p 00001000 08:01 2885737                    /opt/idea/bin/libbreakgen64.so
7f82b9605000-7f82b9607000 r--s 00016000 08:01 2883701                    /opt/idea/lib/idea_rt.jar
7f82b9607000-7f82b9609000 r--s 0000d000 08:01 1717077                    /usr/lib/scala/lib/scala-actors-migration.jar
7f82b9609000-7f82b9611000 r--s 0006d000 08:01 1717078                    /usr/lib/scala/lib/scala-actors.jar
7f82b9611000-7f82b9683000 r--s 0065a000 08:01 1717080                    /usr/lib/scala/lib/scala-library.jar
7f82b9683000-7f82b96b9000 r--s 002d9000 08:01 1717081                    /usr/lib/scala/lib/scala-reflect.jar
7f82b96b9000-7f82b96c3000 r--s 000a3000 08:01 1717082                    /usr/lib/scala/lib/scala-swing.jar
7f82b96c3000-7f82b96c6000 r--s 141bd000 08:01 2102624                    /home/osboxes/.m2/repository/edu/stanford/nlp/stanford-corenlp/3.5.2/stanford-corenlp-3.5.2-models.jar
7f82b96c6000-7f82b96c7000 r--s 00004000 08:01 2233356                    /home/osboxes/.m2/repository/javax/json/javax.json-api/1.0/javax.json-api-1.0.jar
7f82b96c7000-7f82b96cc000 r--s 00045000 08:01 2233354                    /home/osboxes/.m2/repository/com/googlecode/efficient-java-matrix-library/ejml/0.23/ejml-0.23.jar
7f82b96cc000-7f82b96d0000 r--s 00015000 08:01 1978432                    /home/osboxes/.m2/repository/javax/xml/bind/jaxb-api/2.2.7/jaxb-api-2.2.7.jar
7f82b96d0000-7f82b96d5000 r--s 0002d000 08:01 2233352                    /home/osboxes/.m2/repository/de/jollyday/jollyday/0.4.7/jollyday-0.4.7.jar
7f82b96d5000-7f82b96e5000 r--s 0007c000 08:01 2233351                    /home/osboxes/.m2/repository/joda-time/joda-time/2.1/joda-time-2.1.jar
7f82b96e5000-7f82b9703000 r--s 0027d000 08:01 2233350                    /home/osboxes/.m2/repository/xalan/xalan/2.7.0/xalan-2.7.0.jar
7f82b9703000-7f82b971a000 r--s 00110000 08:01 2363243                    /home/osboxes/.m2/repository/xerces/xercesImpl/2.8.0/xercesImpl-2.8.0.jar
7f82b971a000-7f82b9722000 r--s 00028000 08:01 2363241                    /home/osboxes/.m2/repository/xml-apis/xml-apis/1.3.03/xml-apis-1.3.03.jar
7f82b9722000-7f82b9729000 r--s 00046000 08:01 2102620                    /home/osboxes/.m2/repository/com/io7m/xom/xom/1.2.10/xom-1.2.10.jar
7f82b9729000-7f82b9772000 r--s 00620000 08:01 2102621                    /home/osboxes/.m2/repository/edu/stanford/nlp/stanford-corenlp/3.5.2/stanford-corenlp-3.5.2.jar
7f82b9772000-7f82b9773000 r--s 00000000 08:01 1973306                    /home/osboxes/.m2/repository/org/spark-project/spark/unused/1.0.0/unused-1.0.0.jar
7f82b9773000-7f82b9775000 r--s 00012000 08:01 2101657                    /home/osboxes/.m2/repository/net/sf/py4j/py4j/0.8.2.1/py4j-0.8.2.1.jar
7f82b9775000-7f82b9777000 r--s 00013000 08:01 2101656                    /home/osboxes/.m2/repository/net/razorvine/pyrolite/4.4/pyrolite-4.4.jar
7f82b9777000-7f82b9778000 r--s 00001000 08:01 2101653                    /home/osboxes/.m2/repository/org/tachyonproject/tachyon-underfs-local/0.7.1/tachyon-underfs-local-0.7.1.jar
7f82b9778000-7f82b9779000 r--s 00002000 08:01 2101651                    /home/osboxes/.m2/repository/org/tachyonproject/tachyon-underfs-hdfs/0.7.1/tachyon-underfs-hdfs-0.7.1.jar
7f82b9779000-7f82b977c000 r--s 0000d000 08:01 2101650                    /home/osboxes/.m2/repository/org/apache/curator/curator-client/2.1.0-incubating/curator-client-2.1.0-incubating.jar
7f82b977c000-7f82b9780000 r--s 0002a000 08:01 1842584                    /home/osboxes/.m2/repository/commons-io/commons-io/2.4/commons-io-2.4.jar
7f82b9780000-7f82b9784000 r--s 0003c000 08:01 1973304                    /home/osboxes/.m2/repository/commons-lang/commons-lang/2.4/commons-lang-2.4.jar
7f82b9784000-7f82b97a7000 r--s 001bf000 08:01 2101647                    /home/osboxes/.m2/repository/org/tachyonproject/tachyon-client/0.7.1/tachyon-client-0.7.1.jar
7f82b97a7000-7f82b97a9000 r--s 0000e000 08:01 2101645                    /home/osboxes/.m2/repository/oro/oro/2.0.8/oro-2.0.8.jar
7f82b97a9000-7f82b97bf000 r--s 00124000 08:01 2101644                    /home/osboxes/.m2/repository/org/apache/ivy/ivy/2.4.0/ivy-2.4.0.jar
7f82b97bf000-7f82b97c1000 r--s 00007000 08:01 1842582                    /home/osboxes/.m2/repository/com/thoughtworks/paranamer/paranamer/2.6/paranamer-2.6.jar
7f82b97c1000-7f82b97f7000 r--s 002d9000 08:01 2101641                    /home/osboxes/.m2/repository/org/scala-lang/scala-reflect/2.10.4/scala-reflect-2.10.4.jar
7f82b97f7000-7f82b9807000 r--s 00077000 08:01 2101640                    /home/osboxes/.m2/repository/com/fasterxml/jackson/module/jackson-module-scala_2.10/2.4.4/jackson-module-scala_2.10-2.4.4.jar
7f82b9807000-7f82b980b000 r--s 00034000 08:01 2101638                    /home/osboxes/.m2/repository/com/fasterxml/jackson/core/jackson-core/2.4.4/jackson-core-2.4.4.jar
7f82b980b000-7f82b980e000 r--s 00007000 08:01 2101636                    /home/osboxes/.m2/repository/com/fasterxml/jackson/core/jackson-annotations/2.4.0/jackson-annotations-2.4.0.jar
7f82b980e000-7f82b981f000 r--s 000f6000 08:01 2101634                    /home/osboxes/.m2/repository/com/fasterxml/jackson/core/jackson-databind/2.4.4/jackson-databind-2.4.4.jar
7f82b981f000-7f82b9821000 r--s 00004000 08:01 2101632                    /home/osboxes/.m2/repository/io/dropwizard/metrics/metrics-graphite/3.1.2/metrics-graphite-3.1.2.jar
7f82b9821000-7f82b9822000 r--s 00003000 08:01 2101630                    /home/osboxes/.m2/repository/io/dropwizard/metrics/metrics-json/3.1.2/metrics-json-3.1.2.jar
7f82b9822000-7f82b9824000 r--s 00008000 08:01 2101628                    /home/osboxes/.m2/repository/io/dropwizard/metrics/metrics-jvm/3.1.2/metrics-jvm-3.1.2.jar
7f82b9824000-7f82b9828000 r--s 00018000 08:01 2101626                    /home/osboxes/.m2/repository/io/dropwizard/metrics/metrics-core/3.1.2/metrics-core-3.1.2.jar
7f82b9828000-7f82b982b000 r--s 00028000 08:01 2101624                    /home/osboxes/.m2/repository/com/clearspring/analytics/stream/2.7.0/stream-2.7.0.jar
7f82b982b000-7f82b984d000 r--s 001d4000 08:01 1973301                    /home/osboxes/.m2/repository/io/netty/netty-all/4.0.29.Final/netty-all-4.0.29.Final.jar
7f82b984d000-7f82b985b000 r--s 0012a000 08:01 2101623                    /home/osboxes/.m2/repository/org/apache/mesos/mesos/0.21.1/mesos-0.21.1-shaded-protobuf.jar
7f82b985b000-7f82b9865000 r--s 00066000 08:01 1973298                    /home/osboxes/.m2/repository/com/sun/jersey/jersey-core/1.9/jersey-core-1.9.jar
7f82b9865000-7f82b9866000 r--s 0000a000 08:01 2101621                    /home/osboxes/.m2/repository/asm/asm/3.1/asm-3.1.jar
7f82b9866000-7f82b9878000 r--s 0009d000 08:01 1973297                    /home/osboxes/.m2/repository/com/sun/jersey/jersey-server/1.9/jersey-server-1.9.jar
7f82b9878000-7f82b9899000 rw-p 00000000 00:00 0 
7f82b9899000-7f82b998c000 r--s 00c8c000 08:01 2101663                    /home/osboxes/.m2/repository/org/scala-lang/scala-compiler/2.10.0/scala-compiler-2.10.0.jar
7f82b998c000-7f82b999f000 r--s 000be000 08:01 2101617                    /home/osboxes/.m2/repository/org/scala-lang/scalap/2.10.0/scalap-2.10.0.jar
7f82b999f000-7f82b99a1000 r--s 00013000 08:01 2101615                    /home/osboxes/.m2/repository/org/json4s/json4s-ast_2.10/3.2.10/json4s-ast_2.10-3.2.10.jar
7f82b99a1000-7f82b99ab000 r--s 00085000 08:01 2101614                    /home/osboxes/.m2/repository/org/json4s/json4s-core_2.10/3.2.10/json4s-core_2.10-3.2.10.jar
7f82b99ab000-7f82b99ac000 r--s 00009000 08:01 1973294                    /home/osboxes/.m2/repository/org/json4s/json4s-jackson_2.10/3.2.10/json4s-jackson_2.10-3.2.10.jar
7f82b99ac000-7f82b9a1e000 r--s 0065a000 08:01 1842580                    /home/osboxes/.m2/repository/org/scala-lang/scala-library/2.10.4/scala-library-2.10.4.jar
7f82b9a1e000-7f82b9a1f000 r--s 00003000 08:01 1973291                    /home/osboxes/.m2/repository/com/typesafe/akka/akka-slf4j_2.10/2.3.11/akka-slf4j_2.10-2.3.11.jar
7f82b9a1f000-7f82b9a21000 r--s 0000a000 08:01 1973289                    /home/osboxes/.m2/repository/org/uncommons/maths/uncommons-maths/1.2.2a/uncommons-maths-1.2.2a.jar
7f82b9a21000-7f82b9a29000 r--s 0007b000 08:01 1973287                    /home/osboxes/.m2/repository/com/google/protobuf/protobuf-java/2.5.0/protobuf-java-2.5.0.jar
7f82b9a29000-7f82b9a41000 r--s 00115000 08:01 1973285                    /home/osboxes/.m2/repository/io/netty/netty/3.8.0.Final/netty-3.8.0.Final.jar
7f82b9a41000-7f82b9a45000 r--s 00032000 08:01 1973283                    /home/osboxes/.m2/repository/com/typesafe/config/1.2.1/config-1.2.1.jar
7f82b9a45000-7f82b9a6b000 r--s 00263000 08:01 1973281                    /home/osboxes/.m2/repository/com/typesafe/akka/akka-actor_2.10/2.3.11/akka-actor_2.10-2.3.11.jar
7f82b9a6b000-7f82b9a81000 r--s 00135000 08:01 1973279                    /home/osboxes/.m2/repository/com/typesafe/akka/akka-remote_2.10/2.3.11/akka-remote_2.10-2.3.11.jar
7f82b9a81000-7f82b9a85000 r--s 00030000 08:01 1973277                    /home/osboxes/.m2/repository/commons-net/commons-net/2.2/commons-net-2.2.jar
7f82b9a85000-7f82b9a87000 r--s 00019000 08:01 1973275                    /home/osboxes/.m2/repository/org/roaringbitmap/RoaringBitmap/0.4.5/RoaringBitmap-0.4.5.jar
7f82b9a87000-7f82b9a89000 r--s 00038000 08:01 1973273                    /home/osboxes/.m2/repository/net/jpountz/lz4/lz4/1.3.0/lz4-1.3.0.jar
7f82b9a89000-7f82b9a8c000 r--s 0008f000 08:01 1973271                    /home/osboxes/.m2/repository/org/xerial/snappy/snappy-java/1.1.1.7/snappy-java-1.1.1.7.jar
7f82b9a8c000-7f82b9a8e000 r--s 00012000 08:01 1973269                    /home/osboxes/.m2/repository/com/ning/compress-lzf/1.0.3/compress-lzf-1.0.3.jar
7f82b9a8e000-7f82b9a90000 r--s 00001000 08:01 1973267                    /home/osboxes/.m2/repository/org/slf4j/slf4j-log4j12/1.7.10/slf4j-log4j12-1.7.10.jar
7f82b9a90000-7f82b9a99000 r--s 0006f000 08:01 1973265                    /home/osboxes/.m2/repository/log4j/log4j/1.2.17/log4j-1.2.17.jar
7f82b9a99000-7f82b9a9b000 r--s 00003000 08:01 1973259                    /home/osboxes/.m2/repository/org/slf4j/jcl-over-slf4j/1.7.10/jcl-over-slf4j-1.7.10.jar
7f82b9a9b000-7f82b9a9d000 r--s 00000000 08:01 1973257                    /home/osboxes/.m2/repository/org/slf4j/jul-to-slf4j/1.7.10/jul-to-slf4j-1.7.10.jar
7f82b9a9d000-7f82b9a9e000 r--s 00007000 08:01 1973256                    /home/osboxes/.m2/repository/org/slf4j/slf4j-api/1.7.10/slf4j-api-1.7.10.jar
7f82b9a9e000-7f82b9aa1000 r--s 00006000 08:01 1842578                    /home/osboxes/.m2/repository/com/google/code/findbugs/jsr305/1.3.9/jsr305-1.3.9.jar
7f82b9aa1000-7f82b9ac5000 r--s 001cd000 08:01 1973253                    /home/osboxes/.m2/repository/org/apache/commons/commons-math3/3.4.1/commons-math3-3.4.1.jar
7f82b9ac5000-7f82b9acc000 r--s 0005e000 08:01 1973251                    /home/osboxes/.m2/repository/org/apache/commons/commons-lang3/3.3.2/commons-lang3-3.3.2.jar
7f82b9acc000-7f82b9acf000 r--s 0002e000 08:01 1973249                    /home/osboxes/.m2/repository/org/eclipse/jetty/orbit/javax.servlet/3.0.0.v201112011016/javax.servlet-3.0.0.v201112011016.jar
7f82b9acf000-7f82b9af8000 r--s 001ee000 08:01 1973247                    /home/osboxes/.m2/repository/com/google/guava/guava/14.0.1/guava-14.0.1.jar
7f82b9af8000-7f82b9afa000 r--s 00014000 08:01 1973245                    /home/osboxes/.m2/repository/jline/jline/0.9.94/jline-0.9.94.jar
7f82b9afa000-7f82b9b06000 r--s 000b3000 08:01 1973243                    /home/osboxes/.m2/repository/org/apache/zookeeper/zookeeper/3.4.5/zookeeper-3.4.5.jar
7f82b9b06000-7f82b9b0b000 r--s 00027000 08:01 1973241                    /home/osboxes/.m2/repository/org/apache/curator/curator-framework/2.4.0/curator-framework-2.4.0.jar
7f82b9b0b000-7f82b9b11000 r--s 00035000 08:01 1973239                    /home/osboxes/.m2/repository/org/apache/curator/curator-recipes/2.4.0/curator-recipes-2.4.0.jar
7f82b9b11000-7f82b9b17000 r--s 00045000 08:01 1842576                    /home/osboxes/.m2/repository/commons-httpclient/commons-httpclient/3.1/commons-httpclient-3.1.jar
7f82b9b17000-7f82b9b19000 r--s 0000a000 08:01 1973237                    /home/osboxes/.m2/repository/commons-codec/commons-codec/1.3/commons-codec-1.3.jar
7f82b9b19000-7f82b9b1f000 r--s 00057000 08:01 1973236                    /home/osboxes/.m2/repository/net/java/dev/jets3t/jets3t/0.7.1/jets3t-0.7.1.jar
7f82b9b1f000-7f82b9b21000 r--s 00009000 08:01 2102615                    /home/osboxes/.m2/repository/org/apache/spark/spark-unsafe_2.10/1.5.2/spark-unsafe_2.10-1.5.2.jar
7f82b9b21000-7f82b9b24000 r--s 0000a000 08:01 2102613                    /home/osboxes/.m2/repository/org/apache/spark/spark-network-shuffle_2.10/1.5.2/spark-network-shuffle_2.10-1.5.2.jar
7f82b9b24000-7f82b9b51000 r--s 0020c000 08:01 2102616                    /home/osboxes/.m2/repository/org/apache/spark/spark-network-common_2.10/1.5.2/spark-network-common_2.10-1.5.2.jar
7f82b9b51000-7f82b9b53000 r--s 00009000 08:01 2102614                    /home/osboxes/.m2/repository/org/apache/spark/spark-launcher_2.10/1.5.2/spark-launcher_2.10-1.5.2.jar
7f82b9b53000-7f82b9b55000 r--s 00003000 08:01 1842572                    /home/osboxes/.m2/repository/org/apache/hadoop/hadoop-annotations/2.2.0/hadoop-annotations-2.2.0.jar
7f82b9b55000-7f82b9b56000 r--s 00008000 08:01 1973227                    /home/osboxes/.m2/repository/org/apache/hadoop/hadoop-mapreduce-client-jobclient/2.2.0/hadoop-mapreduce-client-jobclient-2.2.0.jar
7f82b9b56000-7f82b9b68000 r--s 0012c000 08:01 1973225                    /home/osboxes/.m2/repository/org/apache/hadoop/hadoop-yarn-common/2.2.0/hadoop-yarn-common-2.2.0.jar
7f82b9b68000-7f82b9b80000 r--s 0014c000 08:01 1973223                    /home/osboxes/.m2/repository/org/apache/hadoop/hadoop-mapreduce-client-core/2.2.0/hadoop-mapreduce-client-core-2.2.0.jar
7f82b9b80000-7f82b9b91000 r--s 0010a000 08:01 1973221                    /home/osboxes/.m2/repository/org/apache/hadoop/hadoop-yarn-api/2.2.0/hadoop-yarn-api-2.2.0.jar
7f82b9b91000-7f82b9b93000 r--s 00004000 08:01 1973219                    /home/osboxes/.m2/repository/org/apache/hadoop/hadoop-mapreduce-client-shuffle/2.2.0/hadoop-mapreduce-client-shuffle-2.2.0.jar
7f82b9b93000-7f82b9b97000 r--s 00027000 08:01 1973218                    /home/osboxes/.m2/repository/org/apache/hadoop/hadoop-yarn-server-common/2.2.0/hadoop-yarn-server-common-2.2.0.jar
7f82b9b97000-7f82b9b98000 r--s 00003000 08:01 1973215                    /home/osboxes/.m2/repository/com/sun/jersey/contribs/jersey-guice/1.9/jersey-guice-1.9.jar
7f82b9b98000-7f82b9b99000 r--s 00007000 08:01 1973213                    /home/osboxes/.m2/repository/org/codehaus/jackson/jackson-xc/1.8.3/jackson-xc-1.8.3.jar
7f82b9b99000-7f82b9b9a000 r--s 00004000 08:01 1973211                    /home/osboxes/.m2/repository/org/codehaus/jackson/jackson-jaxrs/1.8.3/jackson-jaxrs-1.8.3.jar
7f82b9b9a000-7f82b9bad000 r--s 000c7000 08:01 1973205                    /home/osboxes/.m2/repository/com/sun/xml/bind/jaxb-impl/2.2.3-1/jaxb-impl-2.2.3-1.jar
7f82b9bad000-7f82b9baf000 r--s 00005000 08:01 1973203                    /home/osboxes/.m2/repository/stax/stax-api/1.0.1/stax-api-1.0.1.jar
7f82b9baf000-7f82b9bb1000 r--s 0000f000 08:01 1973201                    /home/osboxes/.m2/repository/org/codehaus/jettison/jettison/1.1/jettison-1.1.jar
7f82b9bb1000-7f82b9bb5000 r--s 00021000 08:01 1973199                    /home/osboxes/.m2/repository/com/sun/jersey/jersey-json/1.9/jersey-json-1.9.jar
7f82b9bb5000-7f82b9bb8000 r--s 00012000 08:01 1973197                    /home/osboxes/.m2/repository/org/glassfish/javax.servlet/3.1/javax.servlet-3.1.jar
7f82b9bb8000-7f82b9bc0000 r--s 0004b000 08:01 1973195                    /home/osboxes/.m2/repository/org/glassfish/grizzly/grizzly-http-servlet/2.1.2/grizzly-http-servlet-2.1.2.jar
7f82b9bc0000-7f82b9bc1000 r--s 00001000 08:01 1973193                    /home/osboxes/.m2/repository/org/glassfish/grizzly/grizzly-rcm/2.1.2/grizzly-rcm-2.1.2.jar
7f82b9bc1000-7f82b9bc5000 r--s 0002d000 08:01 1973192                    /home/osboxes/.m2/repository/org/glassfish/grizzly/grizzly-http-server/2.1.2/grizzly-http-server-2.1.2.jar
7f82b9bc5000-7f82b9bc7000 r--s 00009000 08:01 1973190                    /home/osboxes/.m2/repository/org/glassfish/external/management-api/3.0.0-b012/management-api-3.0.0-b012.jar
7f82b9bc7000-7f82b9bc9000 r--s 00004000 08:01 1973187                    /home/osboxes/.m2/repository/org/glassfish/gmbal/gmbal-api-only/3.0.0-b023/gmbal-api-only-3.0.0-b023.jar
7f82b9bc9000-7f82b9bd7000 r--s 0009b000 08:01 1973188                    /home/osboxes/.m2/repository/org/glassfish/grizzly/grizzly-framework/2.1.2/grizzly-framework-2.1.2.jar
7f82b9bd7000-7f82b9bdb000 r--s 0003a000 08:01 1973184                    /home/osboxes/.m2/repository/org/glassfish/grizzly/grizzly-http/2.1.2/grizzly-http-2.1.2.jar
7f82b9bdb000-7f82b9bdd000 r--s 00003000 08:01 1973182                    /home/osboxes/.m2/repository/com/sun/jersey/jersey-grizzly2/1.9/jersey-grizzly2-1.9.jar
7f82b9bdd000-7f82b9be0000 r--s 0001d000 08:01 1973180                    /home/osboxes/.m2/repository/com/sun/jersey/jersey-client/1.9/jersey-client-1.9.jar
7f82b9be0000-7f82b9be3000 r--s 00012000 08:01 1973178                    /home/osboxes/.m2/repository/javax/servlet/javax.servlet-api/3.0.1/javax.servlet-api-3.0.1.jar
7f82b9be3000-7f82b9be5000 r--s 00005000 08:01 1973176                    /home/osboxes/.m2/repository/com/sun/jersey/jersey-test-framework/jersey-test-framework-core/1.9/jersey-test-framework-core-1.9.jar
7f82b9be5000-7f82b9be7000 r--s 00002000 08:01 1973174                    /home/osboxes/.m2/repository/com/sun/jersey/jersey-test-framework/jersey-test-framework-grizzly2/1.9/jersey-test-framework-grizzly2-1.9.jar
7f82b9be7000-7f82b9be9000 r--s 00000000 08:01 1973172                    /home/osboxes/.m2/repository/aopalliance/aopalliance/1.0/aopalliance-1.0.jar
7f82b9be9000-7f82b9bea000 r--s 00000000 08:01 1973170                    /home/osboxes/.m2/repository/javax/inject/javax.inject/1/javax.inject-1.jar
7f82b9bea000-7f82b9bf9000 r--s 0009f000 08:01 1973168                    /home/osboxes/.m2/repository/com/google/inject/guice/3.0/guice-3.0.jar
7f82b9bf9000-7f82b9bfc000 r--s 00015000 08:01 1973166                    /home/osboxes/.m2/repository/org/apache/hadoop/hadoop-yarn-client/2.2.0/hadoop-yarn-client-2.2.0.jar
7f82b9bfc000-7f82b9c08000 r--s 00095000 08:01 1973164                    /home/osboxes/.m2/repository/org/apache/hadoop/hadoop-mapreduce-client-common/2.2.0/hadoop-mapreduce-client-common-2.2.0.jar
7f82b9c08000-7f82b9c11000 r--s 0006d000 08:01 1973162                    /home/osboxes/.m2/repository/org/apache/hadoop/hadoop-mapreduce-client-app/2.2.0/hadoop-mapreduce-client-app-2.2.0.jar
7f82b9c11000-7f82b9c15000 r--s 00028000 08:01 1973161                    /home/osboxes/.m2/repository/org/mortbay/jetty/jetty-util/6.1.26/jetty-util-6.1.26.jar
7f82b9c15000-7f82b9c5a000 r--s 004bb000 08:01 1973143                    /home/osboxes/.m2/repository/org/apache/hadoop/hadoop-hdfs/2.2.0/hadoop-hdfs-2.2.0.jar
7f82b9c5a000-7f82b9c5e000 r--s 00014000 08:01 1842567                    /home/osboxes/.m2/repository/org/tukaani/xz/1.0/xz-1.0.jar
7f82b9c5e000-7f82b9c63000 r--s 00036000 08:01 1842566                    /home/osboxes/.m2/repository/org/apache/commons/commons-compress/1.4.1/commons-compress-1.4.1.jar
7f82b9c63000-7f82b9c65000 r--s 0000b000 08:01 1973140                    /home/osboxes/.m2/repository/org/apache/hadoop/hadoop-auth/2.2.0/hadoop-auth-2.2.0.jar
7f82b9c65000-7f82b9c69000 r--s 0002f000 08:01 1973138                    /home/osboxes/.m2/repository/commons-beanutils/commons-beanutils-core/1.8.0/commons-beanutils-core-1.8.0.jar
7f82b9c69000-7f82b9c6e000 r--s 0002a000 08:01 1973136                    /home/osboxes/.m2/repository/commons-beanutils/commons-beanutils/1.7.0/commons-beanutils-1.7.0.jar
7f82b9c6e000-7f82b9c72000 r--s 00020000 08:01 1973134                    /home/osboxes/.m2/repository/commons-digester/commons-digester/1.8/commons-digester-1.8.jar
7f82b9c72000-7f82b9c80000 r--s 0007f000 08:01 1973132                    /home/osboxes/.m2/repository/commons-collections/commons-collections/3.2.1/commons-collections-3.2.1.jar
7f82b9c80000-7f82b9c86000 r--s 00043000 08:01 1973131                    /home/osboxes/.m2/repository/commons-configuration/commons-configuration/1.6/commons-configuration-1.6.jar
7f82b9c86000-7f82b9c87000 r--s 00003000 08:01 1842563                    /home/osboxes/.m2/repository/xmlenc/xmlenc/0.52/xmlenc-0.52.jar
7f82b9c87000-7f82b9c98000 r--s 000bb000 08:01 1842561                    /home/osboxes/.m2/repository/org/apache/commons/commons-math/2.1/commons-math-2.1.jar
7f82b9c98000-7f82b9c9a000 r--s 00009000 08:01 1842560                    /home/osboxes/.m2/repository/commons-cli/commons-cli/1.2/commons-cli-1.2.jar
7f82b9c9a000-7f82b9cc5000 r--s 00271000 08:01 1842557                    /home/osboxes/.m2/repository/org/apache/hadoop/hadoop-common/2.2.0/hadoop-common-2.2.0.jar
7f82b9cc5000-7f82b9cc6000 r--s 00000000 08:01 1842555                    /home/osboxes/.m2/repository/org/apache/hadoop/hadoop-client/2.2.0/hadoop-client-2.2.0.jar
7f82b9cc6000-7f82b9cc8000 r--s 0000a000 08:01 1842553                    /home/osboxes/.m2/repository/com/twitter/chill-java/0.5.0/chill-java-0.5.0.jar
7f82b9cc8000-7f82b9cca000 r--s 00007000 08:01 1842551                    /home/osboxes/.m2/repository/org/objenesis/objenesis/1.2/objenesis-1.2.jar
7f82b9cca000-7f82b9ccc000 r--s 00000000 08:01 1842549                    /home/osboxes/.m2/repository/com/esotericsoftware/minlog/minlog/1.2/minlog-1.2.jar
7f82b9ccc000-7f82b9cce000 r--s 0000f000 08:01 1842547                    /home/osboxes/.m2/repository/com/esotericsoftware/reflectasm/reflectasm/1.07/reflectasm-1.07-shaded.jar
7f82b9cce000-7f82b9cd4000 r--s 00053000 08:01 1842545                    /home/osboxes/.m2/repository/com/esotericsoftware/kryo/kryo/2.21/kryo-2.21.jar
7f82b9cd4000-7f82b9cd8000 r--s 00032000 08:01 1842543                    /home/osboxes/.m2/repository/com/twitter/chill_2.10/0.5.0/chill_2.10-0.5.0.jar
7f82b9cd8000-7f82b9ce6000 r--s 000b1000 08:01 1842541                    /home/osboxes/.m2/repository/org/codehaus/jackson/jackson-mapper-asl/1.9.13/jackson-mapper-asl-1.9.13.jar
7f82b9ce6000-7f82b9cea000 r--s 00035000 08:01 1842539                    /home/osboxes/.m2/repository/org/codehaus/jackson/jackson-core-asl/1.9.13/jackson-core-asl-1.9.13.jar
7f82b9cea000-7f82b9cf1000 r--s 0004e000 08:01 1842536                    /home/osboxes/.m2/repository/org/apache/avro/avro-ipc/1.7.7/avro-ipc-1.7.7-tests.jar
7f82b9cf1000-7f82b9cfa000 r--s 00062000 08:01 1842537                    /home/osboxes/.m2/repository/org/apache/avro/avro/1.7.7/avro-1.7.7.jar
7f82b9cfa000-7f82b9dcb000 r--s 009cc000 08:01 1978431                    /home/osboxes/.m2/repository/org/apache/spark/spark-core_2.10/1.5.2/spark-core_2.10-1.5.2.jar
7f82b9dcb000-7f82b9de6000 r--s 001fc000 08:01 1059232                    /usr/lib/jvm/jdk1.8.0_60/jre/lib/deploy.jar
7f82b9de6000-7f82b9df9000 r--s 00344000 08:01 1059297                    /usr/lib/jvm/jdk1.8.0_60/jre/lib/resources.jar
7f82b9df9000-7f82b9e03000 r--s 0006b000 08:01 1059269                    /usr/lib/jvm/jdk1.8.0_60/jre/lib/javaws.jar
7f82b9e03000-7f82b9e16000 r--s 000d5000 08:01 1059294                    /usr/lib/jvm/jdk1.8.0_60/jre/lib/plugin.jar
7f82b9e16000-7f82b9e17000 ---p 00000000 00:00 0 
7f82b9e17000-7f82b9f17000 rw-p 00000000 00:00 0                          [stack:752]
7f82b9f17000-7f82b9f1a000 ---p 00000000 00:00 0 
7f82b9f1a000-7f82ba018000 rw-p 00000000 00:00 0                          [stack:750]
7f82ba018000-7f82ba01b000 ---p 00000000 00:00 0 
7f82ba01b000-7f82ba119000 rw-p 00000000 00:00 0                          [stack:749]
7f82ba119000-7f82ba11c000 ---p 00000000 00:00 0 
7f82ba11c000-7f82ba21a000 rw-p 00000000 00:00 0                          [stack:748]
7f82ba21a000-7f82ba21d000 ---p 00000000 00:00 0 
7f82ba21d000-7f82ba31b000 rw-p 00000000 00:00 0                          [stack:747]
7f82ba31b000-7f82ba5e4000 r--p 00000000 08:01 925184                     /usr/lib/locale/locale-archive
7f82ba5e4000-7f82ba5e7000 ---p 00000000 00:00 0 
7f82ba5e7000-7f82ba6e5000 rw-p 00000000 00:00 0                          [stack:743]
7f82ba6e5000-7f82ba6e8000 ---p 00000000 00:00 0 
7f82ba6e8000-7f82ba7e6000 rw-p 00000000 00:00 0                          [stack:742]
7f82ba7e6000-7f82ba7e7000 ---p 00000000 00:00 0 
7f82ba7e7000-7f82bd000000 rw-p 00000000 00:00 0                          [stack:741]
7f82bd000000-7f82bd520000 rwxp 00000000 00:00 0 
7f82bd520000-7f82cc000000 ---p 00000000 00:00 0 
7f82cc000000-7f82ccd41000 rw-p 00000000 00:00 0 
7f82ccd41000-7f82d0000000 ---p 00000000 00:00 0 
7f82d0000000-7f82d0004000 r--s 0002c000 08:01 1842534                    /home/osboxes/.m2/repository/org/apache/avro/avro-ipc/1.7.7/avro-ipc-1.7.7.jar
7f82d0004000-7f82d0009000 r--s 00028000 08:01 1842535                    /home/osboxes/.m2/repository/org/apache/avro/avro-mapred/1.7.7/avro-mapred-1.7.7-hadoop2.jar
7f82d0009000-7f82d0159000 rw-p 00000000 00:00 0 
7f82d0159000-7f82d0331000 r--s 03d17000 08:01 1059298                    /usr/lib/jvm/jdk1.8.0_60/jre/lib/rt.jar
7f82d0331000-7f82d0d96000 rw-p 00000000 00:00 0 
7f82d0d96000-7f82d0d97000 ---p 00000000 00:00 0 
7f82d0d97000-7f82d0e97000 rw-p 00000000 00:00 0                          [stack:738]
7f82d0e97000-7f82d0e98000 ---p 00000000 00:00 0 
7f82d0e98000-7f82d0fad000 rw-p 00000000 00:00 0                          [stack:737]
7f82d0fad000-7f82d10e2000 ---p 00000000 00:00 0 
7f82d10e2000-7f82d10f7000 rw-p 00000000 00:00 0 
7f82d10f7000-7f82d122c000 ---p 00000000 00:00 0 
7f82d122c000-7f82d1240000 rw-p 00000000 00:00 0 
7f82d1240000-7f82d12d1000 ---p 00000000 00:00 0 
7f82d12d1000-7f82d12e7000 rw-p 00000000 00:00 0 
7f82d12e7000-7f82d1692000 ---p 00000000 00:00 0 
7f82d1692000-7f82d16ac000 r-xp 00000000 08:01 1059195                    /usr/lib/jvm/jdk1.8.0_60/jre/lib/amd64/libzip.so
7f82d16ac000-7f82d18ac000 ---p 0001a000 08:01 1059195                    /usr/lib/jvm/jdk1.8.0_60/jre/lib/amd64/libzip.so
7f82d18ac000-7f82d18ad000 rw-p 0001a000 08:01 1059195                    /usr/lib/jvm/jdk1.8.0_60/jre/lib/amd64/libzip.so
7f82d18ad000-7f82d18b8000 r-xp 00000000 08:01 528825                     /lib/x86_64-linux-gnu/libnss_files-2.19.so
7f82d18b8000-7f82d1ab7000 ---p 0000b000 08:01 528825                     /lib/x86_64-linux-gnu/libnss_files-2.19.so
7f82d1ab7000-7f82d1ab8000 r--p 0000a000 08:01 528825                     /lib/x86_64-linux-gnu/libnss_files-2.19.so
7f82d1ab8000-7f82d1ab9000 rw-p 0000b000 08:01 528825                     /lib/x86_64-linux-gnu/libnss_files-2.19.so
7f82d1ab9000-7f82d1ac4000 r-xp 00000000 08:01 528835                     /lib/x86_64-linux-gnu/libnss_nis-2.19.so
7f82d1ac4000-7f82d1cc3000 ---p 0000b000 08:01 528835                     /lib/x86_64-linux-gnu/libnss_nis-2.19.so
7f82d1cc3000-7f82d1cc4000 r--p 0000a000 08:01 528835                     /lib/x86_64-linux-gnu/libnss_nis-2.19.so
7f82d1cc4000-7f82d1cc5000 rw-p 0000b000 08:01 528835                     /lib/x86_64-linux-gnu/libnss_nis-2.19.so
7f82d1cc5000-7f82d1cdc000 r-xp 00000000 08:01 528819                     /lib/x86_64-linux-gnu/libnsl-2.19.so
7f82d1cdc000-7f82d1edb000 ---p 00017000 08:01 528819                     /lib/x86_64-linux-gnu/libnsl-2.19.so
7f82d1edb000-7f82d1edc000 r--p 00016000 08:01 528819                     /lib/x86_64-linux-gnu/libnsl-2.19.so
7f82d1edc000-7f82d1edd000 rw-p 00017000 08:01 528819                     /lib/x86_64-linux-gnu/libnsl-2.19.so
7f82d1edd000-7f82d1edf000 rw-p 00000000 00:00 0 
7f82d1edf000-7f82d1ee8000 r-xp 00000000 08:01 528821                     /lib/x86_64-linux-gnu/libnss_compat-2.19.so
7f82d1ee8000-7f82d20e7000 ---p 00009000 08:01 528821                     /lib/x86_64-linux-gnu/libnss_compat-2.19.so
7f82d20e7000-7f82d20e8000 r--p 00008000 08:01 528821                     /lib/x86_64-linux-gnu/libnss_compat-2.19.so
7f82d20e8000-7f82d20e9000 rw-p 00009000 08:01 528821                     /lib/x86_64-linux-gnu/libnss_compat-2.19.so
7f82d20e9000-7f82d2113000 r-xp 00000000 08:01 1059159                    /usr/lib/jvm/jdk1.8.0_60/jre/lib/amd64/libjava.so
7f82d2113000-7f82d2313000 ---p 0002a000 08:01 1059159                    /usr/lib/jvm/jdk1.8.0_60/jre/lib/amd64/libjava.so
7f82d2313000-7f82d2315000 rw-p 0002a000 08:01 1059159                    /usr/lib/jvm/jdk1.8.0_60/jre/lib/amd64/libjava.so
7f82d2315000-7f82d2322000 r-xp 00000000 08:01 1059194                    /usr/lib/jvm/jdk1.8.0_60/jre/lib/amd64/libverify.so
7f82d2322000-7f82d2522000 ---p 0000d000 08:01 1059194                    /usr/lib/jvm/jdk1.8.0_60/jre/lib/amd64/libverify.so
7f82d2522000-7f82d2524000 rw-p 0000d000 08:01 1059194                    /usr/lib/jvm/jdk1.8.0_60/jre/lib/amd64/libverify.so
7f82d2524000-7f82d252b000 r-xp 00000000 08:01 528878                     /lib/x86_64-linux-gnu/librt-2.19.so
7f82d252b000-7f82d272a000 ---p 00007000 08:01 528878                     /lib/x86_64-linux-gnu/librt-2.19.so
7f82d272a000-7f82d272b000 r--p 00006000 08:01 528878                     /lib/x86_64-linux-gnu/librt-2.19.so
7f82d272b000-7f82d272c000 rw-p 00007000 08:01 528878                     /lib/x86_64-linux-gnu/librt-2.19.so
7f82d272c000-7f82d2831000 r-xp 00000000 08:01 528800                     /lib/x86_64-linux-gnu/libm-2.19.so
7f82d2831000-7f82d2a30000 ---p 00105000 08:01 528800                     /lib/x86_64-linux-gnu/libm-2.19.so
7f82d2a30000-7f82d2a31000 r--p 00104000 08:01 528800                     /lib/x86_64-linux-gnu/libm-2.19.so
7f82d2a31000-7f82d2a32000 rw-p 00105000 08:01 528800                     /lib/x86_64-linux-gnu/libm-2.19.so
7f82d2a32000-7f82d36f0000 r-xp 00000000 08:01 1059197                    /usr/lib/jvm/jdk1.8.0_60/jre/lib/amd64/server/libjvm.so
7f82d36f0000-7f82d38ef000 ---p 00cbe000 08:01 1059197                    /usr/lib/jvm/jdk1.8.0_60/jre/lib/amd64/server/libjvm.so
7f82d38ef000-7f82d39c7000 rw-p 00cbd000 08:01 1059197                    /usr/lib/jvm/jdk1.8.0_60/jre/lib/amd64/server/libjvm.so
7f82d39c7000-7f82d3a0c000 rw-p 00000000 00:00 0 
7f82d3a0c000-7f82d3bc7000 r-xp 00000000 08:01 528750                     /lib/x86_64-linux-gnu/libc-2.19.so
7f82d3bc7000-7f82d3dc6000 ---p 001bb000 08:01 528750                     /lib/x86_64-linux-gnu/libc-2.19.so
7f82d3dc6000-7f82d3dca000 r--p 001ba000 08:01 528750                     /lib/x86_64-linux-gnu/libc-2.19.so
7f82d3dca000-7f82d3dcc000 rw-p 001be000 08:01 528750                     /lib/x86_64-linux-gnu/libc-2.19.so
7f82d3dcc000-7f82d3dd1000 rw-p 00000000 00:00 0 
7f82d3dd1000-7f82d3dd4000 r-xp 00000000 08:01 528767                     /lib/x86_64-linux-gnu/libdl-2.19.so
7f82d3dd4000-7f82d3fd3000 ---p 00003000 08:01 528767                     /lib/x86_64-linux-gnu/libdl-2.19.so
7f82d3fd3000-7f82d3fd4000 r--p 00002000 08:01 528767                     /lib/x86_64-linux-gnu/libdl-2.19.so
7f82d3fd4000-7f82d3fd5000 rw-p 00003000 08:01 528767                     /lib/x86_64-linux-gnu/libdl-2.19.so
7f82d3fd5000-7f82d3fea000 r-xp 00000000 08:01 1448513                    /usr/lib/jvm/jdk1.8.0_60/lib/amd64/jli/libjli.so
7f82d3fea000-7f82d41ea000 ---p 00015000 08:01 1448513                    /usr/lib/jvm/jdk1.8.0_60/lib/amd64/jli/libjli.so
7f82d41ea000-7f82d41eb000 rw-p 00015000 08:01 1448513                    /usr/lib/jvm/jdk1.8.0_60/lib/amd64/jli/libjli.so
7f82d41eb000-7f82d4204000 r-xp 00000000 08:01 528870                     /lib/x86_64-linux-gnu/libpthread-2.19.so
7f82d4204000-7f82d4403000 ---p 00019000 08:01 528870                     /lib/x86_64-linux-gnu/libpthread-2.19.so
7f82d4403000-7f82d4404000 r--p 00018000 08:01 528870                     /lib/x86_64-linux-gnu/libpthread-2.19.so
7f82d4404000-7f82d4405000 rw-p 00019000 08:01 528870                     /lib/x86_64-linux-gnu/libpthread-2.19.so
7f82d4405000-7f82d4409000 rw-p 00000000 00:00 0 
7f82d4409000-7f82d442c000 r-xp 00000000 08:01 528724                     /lib/x86_64-linux-gnu/ld-2.19.so
7f82d442c000-7f82d442f000 r--s 0001a000 08:01 1059270                    /usr/lib/jvm/jdk1.8.0_60/jre/lib/jce.jar
7f82d442f000-7f82d4435000 r--s 002f8000 08:01 1059201                    /usr/lib/jvm/jdk1.8.0_60/jre/lib/charsets.jar
7f82d4435000-7f82d450e000 rw-p 00000000 00:00 0 
7f82d450e000-7f82d4511000 ---p 00000000 00:00 0 
7f82d4511000-7f82d4613000 rw-p 00000000 00:00 0                          [stack:732]
7f82d4613000-7f82d4618000 r--s 00083000 08:01 1059275                    /usr/lib/jvm/jdk1.8.0_60/jre/lib/jfr.jar
7f82d4618000-7f82d4619000 r--s 00000000 08:01 1059285                    /usr/lib/jvm/jdk1.8.0_60/jre/lib/management-agent.jar
7f82d4619000-7f82d461b000 r--s 00007000 08:01 1059276                    /usr/lib/jvm/jdk1.8.0_60/jre/lib/jfxswt.jar
7f82d461b000-7f82d461f000 r--s 00095000 08:01 1059277                    /usr/lib/jvm/jdk1.8.0_60/jre/lib/jsse.jar
7f82d461f000-7f82d4627000 rw-s 00000000 08:01 3014807                    /tmp/hsperfdata_osboxes/729
7f82d4627000-7f82d4628000 rw-p 00000000 00:00 0 
7f82d4628000-7f82d4629000 ---p 00000000 00:00 0 
7f82d4629000-7f82d462b000 rw-p 00000000 00:00 0 
7f82d462b000-7f82d462c000 r--p 00022000 08:01 528724                     /lib/x86_64-linux-gnu/ld-2.19.so
7f82d462c000-7f82d462d000 rw-p 00023000 08:01 528724                     /lib/x86_64-linux-gnu/ld-2.19.so
7f82d462d000-7f82d462e000 rw-p 00000000 00:00 0 
7ffef2f99000-7ffef2fbe000 rw-p 00000000 00:00 0                          [stack]
7ffef2ff4000-7ffef2ff6000 r--p 00000000 00:00 0                          [vvar]
7ffef2ff6000-7ffef2ff8000 r-xp 00000000 00:00 0                          [vdso]
ffffffffff600000-ffffffffff601000 r-xp 00000000 00:00 0                  [vsyscall]

VM Arguments:
jvm_args: -Didea.launcher.port=7532 -Didea.launcher.bin.path=/opt/idea/bin -Dfile.encoding=UTF-8 
java_command: com.intellij.rt.execution.application.AppMain RelationExtraction
java_class_path (initial): /usr/lib/jvm/jdk1.8.0_60/jre/lib/rt.jar:/usr/lib/jvm/jdk1.8.0_60/jre/lib/jsse.jar:/usr/lib/jvm/jdk1.8.0_60/jre/lib/jfxswt.jar:/usr/lib/jvm/jdk1.8.0_60/jre/lib/plugin.jar:/usr/lib/jvm/jdk1.8.0_60/jre/lib/management-agent.jar:/usr/lib/jvm/jdk1.8.0_60/jre/lib/charsets.jar:/usr/lib/jvm/jdk1.8.0_60/jre/lib/javaws.jar:/usr/lib/jvm/jdk1.8.0_60/jre/lib/resources.jar:/usr/lib/jvm/jdk1.8.0_60/jre/lib/jfr.jar:/usr/lib/jvm/jdk1.8.0_60/jre/lib/jce.jar:/usr/lib/jvm/jdk1.8.0_60/jre/lib/deploy.jar:/usr/lib/jvm/jdk1.8.0_60/jre/lib/ext/nashorn.jar:/usr/lib/jvm/jdk1.8.0_60/jre/lib/ext/localedata.jar:/usr/lib/jvm/jdk1.8.0_60/jre/lib/ext/zipfs.jar:/usr/lib/jvm/jdk1.8.0_60/jre/lib/ext/jfxrt.jar:/usr/lib/jvm/jdk1.8.0_60/jre/lib/ext/sunec.jar:/usr/lib/jvm/jdk1.8.0_60/jre/lib/ext/cldrdata.jar:/usr/lib/jvm/jdk1.8.0_60/jre/lib/ext/sunjce_provider.jar:/usr/lib/jvm/jdk1.8.0_60/jre/lib/ext/dnsns.jar:/usr/lib/jvm/jdk1.8.0_60/jre/lib/ext/sunpkcs11.jar:/usr/lib/jvm/jdk1.8.0_60/jre/lib/ext/jaccess.jar:/home/osboxes/Documents/Dev/RelationExtraction-dev/target/classes:/home/osboxes/.m2/repository/org/apache/spark/spark-core_2.10/1.5.2/spark-core_2.10-1.5.2.jar:/home/osboxes/.m2/repository/org/apache/avro/avro-mapred/1.7.7/avro-mapred-1.7.7-hadoop2.jar:/home/osboxes/.m2/repository/org/apache/avro/avro-ipc/1.7.7/avro-ipc-1.7.7.jar:/home/osboxes/.m2/repository/org/apache/avro/avro/1.7.7/avro-1.7.7.jar:/home/osboxes/.m2/repository/org/apache/avro/avro-ipc/1.7.7/avro-ipc-1.7.7-tests.jar:/home/osboxes/.m2/repository/org/codehaus/jackson/jackson-core-asl/1.9.13/jackson-core-asl-1.9.13.jar:/home/osboxes/.m2/repository/org/codehaus/jackson/jackson-mapper-asl/1.9.13/jackson-mapper-asl-1.9.13.jar:/home/osboxes/.m2/repository/com/twitter/chill_2.10/0.5.0/chill_2.10-0.5.0.jar:/home/osboxes/.m2/repository/com/esotericsoftware/kryo/kryo/2.21/kryo-2.21.jar:/home/osboxes/.m2/repository/com/esotericsoftware/reflectasm/reflectasm/1.07/reflectasm-1.07-shaded.jar:/home/osboxes/.m2/repository/com
Launcher Type: SUN_STANDARD

Environment Variables:
JAVA_HOME=/usr/lib/jvm/jdk1.8.0_60
PATH=/usr/local/sbin:/usr/local/bin:/usr/sbin:/usr/bin:/sbin:/bin:/usr/games:/usr/local/games:/usr/lib/jvm/jdk1.8.0_60/bin:/usr/lib/scala/bin:/usr/lib/spark/bin
LD_LIBRARY_PATH=/opt/idea/bin:
SHELL=/usr/bin/zsh
DISPLAY=:0

Signal Handlers:
SIGSEGV: [libjvm.so+0xaba070], sa_mask[0]=11111111011111111101111111111110, sa_flags=SA_RESTART|SA_SIGINFO
SIGBUS: [libjvm.so+0xaba070], sa_mask[0]=11111111011111111101111111111110, sa_flags=SA_RESTART|SA_SIGINFO
SIGFPE: [libjvm.so+0x917630], sa_mask[0]=11111111011111111101111111111110, sa_flags=SA_RESTART|SA_SIGINFO
SIGPIPE: [libjvm.so+0x917630], sa_mask[0]=11111111011111111101111111111110, sa_flags=SA_RESTART|SA_SIGINFO
SIGXFSZ: [libjvm.so+0x917630], sa_mask[0]=11111111011111111101111111111110, sa_flags=SA_RESTART|SA_SIGINFO
SIGILL: [libjvm.so+0x917630], sa_mask[0]=11111111011111111101111111111110, sa_flags=SA_RESTART|SA_SIGINFO
SIGUSR1: SIG_DFL, sa_mask[0]=00000000000000000000000000000000, sa_flags=none
SIGUSR2: [libjvm.so+0x918c60], sa_mask[0]=00100000000000000000000000000000, sa_flags=SA_RESTART|SA_SIGINFO
SIGHUP: [libjvm.so+0x91a060], sa_mask[0]=11111111011111111101111111111110, sa_flags=SA_RESTART|SA_SIGINFO
SIGINT: [libjvm.so+0x91a060], sa_mask[0]=11111111011111111101111111111110, sa_flags=SA_RESTART|SA_SIGINFO
SIGTERM: [libjvm.so+0x91a060], sa_mask[0]=11111111011111111101111111111110, sa_flags=SA_RESTART|SA_SIGINFO
SIGQUIT: [libjvm.so+0x91a060], sa_mask[0]=11111111011111111101111111111110, sa_flags=SA_RESTART|SA_SIGINFO


---------------  S Y S T E M  ---------------

OS:DISTRIB_ID=Ubuntu
DISTRIB_RELEASE=14.04
DISTRIB_CODENAME=trusty
DISTRIB_DESCRIPTION="Ubuntu 14.04.3 LTS"

uname:Linux 3.19.0-25-generic #26~14.04.1-Ubuntu SMP Fri Jul 24 21:16:20 UTC 2015 x86_64
libc:glibc 2.19 NPTL 2.19 
rlimit: STACK 8192k, CORE 0k, NPROC 15690, NOFILE 4096, AS infinity
load average:6.41 3.58 3.47

/proc/meminfo:
MemTotal:        4047456 kB
MemFree:           99736 kB
MemAvailable:      28280 kB
Buffers:             196 kB
Cached:             5436 kB
SwapCached:         6760 kB
Active:          3043832 kB
Inactive:         781020 kB
Active(anon):    3041480 kB
Inactive(anon):   778384 kB
Active(file):       2352 kB
Inactive(file):     2636 kB
Unevictable:          64 kB
Mlocked:              64 kB
SwapTotal:       2095100 kB
SwapFree:              0 kB
Dirty:               196 kB
Writeback:           124 kB
AnonPages:       3812848 kB
Mapped:             4256 kB
Shmem:               396 kB
Slab:              45268 kB
SReclaimable:      21024 kB
SUnreclaim:        24244 kB
KernelStack:       18624 kB
PageTables:        37972 kB
NFS_Unstable:          0 kB
Bounce:                0 kB
WritebackTmp:          0 kB
CommitLimit:     4118828 kB
Committed_AS:    8607004 kB
VmallocTotal:   34359738367 kB
VmallocUsed:       56984 kB
VmallocChunk:   34359677944 kB
HardwareCorrupted:     0 kB
AnonHugePages:   2617344 kB
CmaTotal:              0 kB
CmaFree:               0 kB
HugePages_Total:       0
HugePages_Free:        0
HugePages_Rsvd:        0
HugePages_Surp:        0
Hugepagesize:       2048 kB
DirectMap4k:       94144 kB
DirectMap2M:     4100096 kB


CPU:total 2 (2 cores per cpu, 1 threads per core) family 6 model 61 stepping 4, cmov, cx8, fxsr, mmx, sse, sse2, sse3, ssse3, sse4.1, sse4.2, popcnt, avx, aes, clmul, 3dnowpref, lzcnt, tsc, tscinvbit

/proc/cpuinfo:
processor	: 0
vendor_id	: GenuineIntel
cpu family	: 6
model		: 61
model name	: Intel(R) Core(TM) i5-5300U CPU @ 2.30GHz
stepping	: 4
cpu MHz		: 2294.809
cache size	: 3072 KB
physical id	: 0
siblings	: 2
core id		: 0
cpu cores	: 2
apicid		: 0
initial apicid	: 0
fpu		: yes
fpu_exception	: yes
cpuid level	: 20
wp		: yes
flags		: fpu vme de pse tsc msr pae mce cx8 apic sep mtrr pge mca cmov pat pse36 clflush mmx fxsr sse sse2 ht syscall nx rdtscp lm constant_tsc rep_good nopl xtopology nonstop_tsc pni pclmulqdq ssse3 cx16 sse4_1 sse4_2 movbe popcnt aes xsave avx rdrand lahf_lm abm 3dnowprefetch rdseed
bugs		:
bogomips	: 4589.61
clflush size	: 64
cache_alignment	: 64
address sizes	: 39 bits physical, 48 bits virtual
power management:

processor	: 1
vendor_id	: GenuineIntel
cpu family	: 6
model		: 61
model name	: Intel(R) Core(TM) i5-5300U CPU @ 2.30GHz
stepping	: 4
cpu MHz		: 2294.809
cache size	: 3072 KB
physical id	: 0
siblings	: 2
core id		: 1
cpu cores	: 2
apicid		: 1
initial apicid	: 1
fpu		: yes
fpu_exception	: yes
cpuid level	: 20
wp		: yes
flags		: fpu vme de pse tsc msr pae mce cx8 apic sep mtrr pge mca cmov pat pse36 clflush mmx fxsr sse sse2 ht syscall nx rdtscp lm constant_tsc rep_good nopl xtopology nonstop_tsc pni pclmulqdq ssse3 cx16 sse4_1 sse4_2 movbe popcnt aes xsave avx rdrand lahf_lm abm 3dnowprefetch rdseed
bugs		:
bogomips	: 4589.61
clflush size	: 64
cache_alignment	: 64
address sizes	: 39 bits physical, 48 bits virtual
power management:



Memory: 4k page, physical 4047456k(100444k free), swap 2095100k(0k free)

vm_info: Java HotSpot(TM) 64-Bit Server VM (25.60-b23) for linux-amd64 JRE (1.8.0_60-b27), built on Aug  4 2015 12:19:40 by "java_re" with gcc 4.3.0 20080428 (Red Hat 4.3.0-8)

time: Fri Jan  8 14:52:54 2016
elapsed time: 13 seconds (0d 0h 0m 13s)

